[debug] [2019-08-29T17:17:47.520Z] ----------------------------------------------------------------------
[debug] [2019-08-29T17:17:47.523Z] Command:       C:\Program Files\nodejs\node.exe C:\Users\avi326\AppData\Roaming\npm\node_modules\firebase-tools\lib\bin\firebase.js serve
[debug] [2019-08-29T17:17:47.524Z] CLI Version:   7.2.2
[debug] [2019-08-29T17:17:47.524Z] Platform:      win32
[debug] [2019-08-29T17:17:47.524Z] Node Version:  v10.16.0
[debug] [2019-08-29T17:17:47.526Z] Time:          Thu Aug 29 2019 20:17:47 GMT+0300 (GMT+03:00)
[debug] [2019-08-29T17:17:47.526Z] ----------------------------------------------------------------------
[debug] 
[debug] [2019-08-29T17:17:47.541Z] > command requires scopes: ["email","openid","https://www.googleapis.com/auth/cloudplatformprojects.readonly","https://www.googleapis.com/auth/firebase","https://www.googleapis.com/auth/cloud-platform"]
[debug] [2019-08-29T17:17:47.542Z] > authorizing via signed-in user
[debug] [2019-08-29T17:17:47.542Z] [iam] checking project code-names-project for permissions ["firebase.projects.get"]
[debug] [2019-08-29T17:17:47.545Z] >>> HTTP REQUEST POST https://cloudresourcemanager.googleapis.com/v1/projects/code-names-project:testIamPermissions  

[debug] [2019-08-29T17:17:48.768Z] <<< HTTP RESPONSE 200
[debug] [2019-08-29T17:17:48.770Z] >>> HTTP REQUEST GET https://firebase.googleapis.com/v1beta1/projects/code-names-project  
 
[debug] [2019-08-29T17:17:49.376Z] <<< HTTP RESPONSE 200
[info] 
[info] === Serving from 'C:\Users\avi326\Desktop\CS_Msc_OpenUniversity\NLP\CodeName\CodeNames'...
[info] 
[debug] [2019-08-29T17:17:49.382Z] >>> HTTP REQUEST GET https://firebase.googleapis.com/v1beta1/projects/code-names-project/webApps/-/config  
 
[debug] [2019-08-29T17:17:50.057Z] <<< HTTP RESPONSE 200
[info] i  hosting: Serving hosting files from: dist
[info] +  hosting: Local server: http://localhost:5000
